0 info it worked if it ends with ok
1 verbose cli [ '/usr/local/bin/node', '/usr/local/bin/npm', 'run', 'push' ]
2 info using npm@3.10.10
3 info using node@v6.11.0
4 verbose run-script [ 'prepush', 'push', 'postpush' ]
5 info lifecycle mx-app-utils@1.3.0~prepush: mx-app-utils@1.3.0
6 silly lifecycle mx-app-utils@1.3.0~prepush: no script for prepush, continuing
7 info lifecycle mx-app-utils@1.3.0~push: mx-app-utils@1.3.0
8 verbose lifecycle mx-app-utils@1.3.0~push: unsafe-perm in lifecycle true
9 verbose lifecycle mx-app-utils@1.3.0~push: PATH: /usr/local/lib/node_modules/npm/bin/node-gyp-bin:/Users/john/workspace/git/mx/npm/mx-app-utils/node_modules/.bin:/Users/john/opt/phantomjs-2.1.1-macosx/bin:/Users/john/opt/java-template:/usr/local/maven/bin:/usr/local/gradle/bin:/usr/local/bin:/usr/bin:/bin:/usr/sbin:/sbin
10 verbose lifecycle mx-app-utils@1.3.0~push: CWD: /Users/john/workspace/git/mx/npm/mx-app-utils
11 silly lifecycle mx-app-utils@1.3.0~push: Args: [ '-c', 'npm run test && npm run build && npm publish' ]
12 silly lifecycle mx-app-utils@1.3.0~push: Returned: code: 1  signal: null
13 info lifecycle mx-app-utils@1.3.0~push: Failed to exec push script
14 verbose stack Error: mx-app-utils@1.3.0 push: `npm run test && npm run build && npm publish`
14 verbose stack Exit status 1
14 verbose stack     at EventEmitter.<anonymous> (/usr/local/lib/node_modules/npm/lib/utils/lifecycle.js:255:16)
14 verbose stack     at emitTwo (events.js:106:13)
14 verbose stack     at EventEmitter.emit (events.js:191:7)
14 verbose stack     at ChildProcess.<anonymous> (/usr/local/lib/node_modules/npm/lib/utils/spawn.js:40:14)
14 verbose stack     at emitTwo (events.js:106:13)
14 verbose stack     at ChildProcess.emit (events.js:191:7)
14 verbose stack     at maybeClose (internal/child_process.js:891:16)
14 verbose stack     at Process.ChildProcess._handle.onexit (internal/child_process.js:226:5)
15 verbose pkgid mx-app-utils@1.3.0
16 verbose cwd /Users/john/workspace/git/mx/npm/mx-app-utils
17 error Darwin 17.3.0
18 error argv "/usr/local/bin/node" "/usr/local/bin/npm" "run" "push"
19 error node v6.11.0
20 error npm  v3.10.10
21 error code ELIFECYCLE
22 error mx-app-utils@1.3.0 push: `npm run test && npm run build && npm publish`
22 error Exit status 1
23 error Failed at the mx-app-utils@1.3.0 push script 'npm run test && npm run build && npm publish'.
23 error Make sure you have the latest version of node.js and npm installed.
23 error If you do, this is most likely a problem with the mx-app-utils package,
23 error not with npm itself.
23 error Tell the author that this fails on your system:
23 error     npm run test && npm run build && npm publish
23 error You can get information on how to open an issue for this project with:
23 error     npm bugs mx-app-utils
23 error Or if that isn't available, you can get their info via:
23 error     npm owner ls mx-app-utils
23 error There is likely additional logging output above.
24 verbose exit [ 1, true ]
